<?xml version="1.0" encoding="UTF-8"?>
<!-- Generated by org.testng.reporters.JUnitReportReporter -->
<testsuite hostname="SameerAhemad" failures="0" tests="1" name="systemscenarios.AmazonProject.TestCase3_Registration_Login" time="30.043" errors="0" timestamp="2025-01-31T00:14:33 IST" skipped="0">
  <testcase classname="systemscenarios.AmazonProject.TestCase3_Registration_Login" name="register_login" time="30.043"/>
  <system-out/>
</testsuite> <!-- systemscenarios.AmazonProject.TestCase3_Registration_Login -->
