<?xml version="1.0" encoding="UTF-8"?>
<!-- Generated by org.testng.reporters.JUnitReportReporter -->
<testsuite hostname="SameerAhemad" failures="0" tests="1" name="systemscenarios.AmazonProject.TestCase4_AddingtoWishlist_Removing" time="64.902" errors="0" timestamp="2025-01-31T00:14:33 IST" skipped="0">
  <testcase classname="systemscenarios.AmazonProject.TestCase4_AddingtoWishlist_Removing" name="addwishlist_remove" time="64.902"/>
  <system-out/>
</testsuite> <!-- systemscenarios.AmazonProject.TestCase4_AddingtoWishlist_Removing -->
