<?xml version="1.0" encoding="UTF-8"?>
<!-- Generated by org.testng.reporters.JUnitReportReporter -->
<testsuite hostname="SameerAhemad" failures="0" tests="1" name="systemscenarios.AmazonProject.TestCase1_Login_Cart_Logout" time="66.581" errors="0" timestamp="2025-01-31T00:14:33 IST" skipped="0">
  <testcase classname="systemscenarios.AmazonProject.TestCase1_Login_Cart_Logout" name="login_cart_logout" time="66.581"/>
  <system-out/>
</testsuite> <!-- systemscenarios.AmazonProject.TestCase1_Login_Cart_Logout -->
