<?xml version="1.0" encoding="UTF-8"?>
<!-- Generated by org.testng.reporters.JUnitReportReporter -->
<testsuite hostname="SameerAhemad" failures="0" tests="1" name="systemscenarios.AmazonProject.TestCase2_Login_PaymentCOD_Logout" time="69.837" errors="0" timestamp="2025-01-31T00:22:12 IST" skipped="0">
  <testcase classname="systemscenarios.AmazonProject.TestCase2_Login_PaymentCOD_Logout" name="login_payment_logout" time="69.837"/>
</testsuite> <!-- systemscenarios.AmazonProject.TestCase2_Login_PaymentCOD_Logout -->
