<?xml version="1.0" encoding="UTF-8"?>
<!-- Generated by org.testng.reporters.JUnitReportReporter -->
<testsuite hostname="SameerAhemad" failures="0" tests="1" name="systemscenarios.AmazonProject.TestCase3_Registration_Login" time="29.575" errors="0" timestamp="2025-01-31T00:22:12 IST" skipped="0">
  <testcase classname="systemscenarios.AmazonProject.TestCase3_Registration_Login" name="register_login" time="29.575"/>
</testsuite> <!-- systemscenarios.AmazonProject.TestCase3_Registration_Login -->
