<?xml version="1.0" encoding="UTF-8"?>
<!-- Generated by org.testng.reporters.JUnitReportReporter -->
<testsuite hostname="SameerAhemad" failures="0" tests="1" name="systemscenarios.AmazonProject.TestCase4_AddingtoWishlist_Removing" time="58.704" errors="0" timestamp="2025-01-31T00:22:12 IST" skipped="0">
  <testcase classname="systemscenarios.AmazonProject.TestCase4_AddingtoWishlist_Removing" name="addwishlist_remove" time="58.704"/>
</testsuite> <!-- systemscenarios.AmazonProject.TestCase4_AddingtoWishlist_Removing -->
