<?xml version="1.0" encoding="UTF-8"?>
<!-- Generated by org.testng.reporters.JUnitReportReporter -->
<testsuite hostname="SameerAhemad" failures="0" tests="1" name="systemscenarios.AmazonProject.TestCase1_Login_Cart_Logout" time="62.823" errors="0" timestamp="2025-01-31T00:22:12 IST" skipped="0">
  <testcase classname="systemscenarios.AmazonProject.TestCase1_Login_Cart_Logout" name="login_cart_logout" time="62.823"/>
</testsuite> <!-- systemscenarios.AmazonProject.TestCase1_Login_Cart_Logout -->
