<?xml version="1.0" encoding="UTF-8"?>
<!-- Generated by org.testng.reporters.JUnitReportReporter -->
<testsuite hostname="SameerAhemad" failures="0" tests="1" name="systemscenarios.AmazonProject.TestCase5_Login_SearchProduct_Cart_Add_Remove" time="53.202" errors="0" timestamp="2025-01-31T00:22:12 IST" skipped="0">
  <testcase classname="systemscenarios.AmazonProject.TestCase5_Login_SearchProduct_Cart_Add_Remove" name="login_add_remove" time="53.202"/>
</testsuite> <!-- systemscenarios.AmazonProject.TestCase5_Login_SearchProduct_Cart_Add_Remove -->
